<?xml version="1.0" encoding="UTF-8" ?>
<testsuite tests="7" failures="0" name="aBookTest" time="0.022" errors="0" skipped="0">
  <properties>
[...]
</properties>
  <testcase classname="aBookTest" name="testABookISBN" time="0.004"/>
  <testcase classname="aBookTest" name="testABookTime" time="0.018"/>
  <testcase classname="aBookTest" name="testABookType" time="0"/>
  <testcase classname="aBookTest" name="testABookSetAvailable" time="0"/>
  <testcase classname="aBookTest" name="testABookBorrow" time="0"/>
  <testcase classname="aBookTest" name="testABookTitle" time="0"/>
  <testcase classname="aBookTest" name="testABookAuthors" time="0"/>
</testsuite>